c:\users\jess\desktop\tempc++\cmp5327-c-programming-for-games-assessment-jhuntsghub\roguelight\x64\release\roguelight.pch
c:\users\jess\desktop\tempc++\cmp5327-c-programming-for-games-assessment-jhuntsghub\roguelight\x64\release\vc141.pdb
c:\users\jess\desktop\tempc++\cmp5327-c-programming-for-games-assessment-jhuntsghub\roguelight\x64\release\pch.obj
c:\users\jess\desktop\tempc++\cmp5327-c-programming-for-games-assessment-jhuntsghub\roguelight\x64\release\window.obj
c:\users\jess\desktop\tempc++\cmp5327-c-programming-for-games-assessment-jhuntsghub\roguelight\x64\release\time.obj
c:\users\jess\desktop\tempc++\cmp5327-c-programming-for-games-assessment-jhuntsghub\roguelight\x64\release\settings.obj
c:\users\jess\desktop\tempc++\cmp5327-c-programming-for-games-assessment-jhuntsghub\roguelight\x64\release\roguelight.obj
c:\users\jess\desktop\tempc++\cmp5327-c-programming-for-games-assessment-jhuntsghub\roguelight\x64\release\player.obj
c:\users\jess\desktop\tempc++\cmp5327-c-programming-for-games-assessment-jhuntsghub\roguelight\x64\release\mapelement.obj
c:\users\jess\desktop\tempc++\cmp5327-c-programming-for-games-assessment-jhuntsghub\roguelight\x64\release\map.obj
c:\users\jess\desktop\tempc++\cmp5327-c-programming-for-games-assessment-jhuntsghub\roguelight\x64\release\gameobject.obj
c:\users\jess\desktop\tempc++\cmp5327-c-programming-for-games-assessment-jhuntsghub\roguelight\x64\release\entity.obj
c:\users\jess\desktop\tempc++\cmp5327-c-programming-for-games-assessment-jhuntsghub\roguelight\x64\release\enemy.obj
c:\users\jess\desktop\tempc++\cmp5327-c-programming-for-games-assessment-jhuntsghub\roguelight\x64\release\bullet.obj
c:\users\jess\desktop\tempc++\cmp5327-c-programming-for-games-assessment-jhuntsghub\x64\release\roguelight.exe
c:\users\jess\desktop\tempc++\cmp5327-c-programming-for-games-assessment-jhuntsghub\x64\release\roguelight.pdb
c:\users\jess\desktop\tempc++\cmp5327-c-programming-for-games-assessment-jhuntsghub\x64\release\roguelight.ipdb
c:\users\jess\desktop\tempc++\cmp5327-c-programming-for-games-assessment-jhuntsghub\x64\release\roguelight.iobj
c:\users\jess\desktop\tempc++\cmp5327-c-programming-for-games-assessment-jhuntsghub\roguelight\x64\release\roguelight.tlog\cl.command.1.tlog
c:\users\jess\desktop\tempc++\cmp5327-c-programming-for-games-assessment-jhuntsghub\roguelight\x64\release\roguelight.tlog\cl.read.1.tlog
c:\users\jess\desktop\tempc++\cmp5327-c-programming-for-games-assessment-jhuntsghub\roguelight\x64\release\roguelight.tlog\cl.write.1.tlog
c:\users\jess\desktop\tempc++\cmp5327-c-programming-for-games-assessment-jhuntsghub\roguelight\x64\release\roguelight.tlog\link.command.1.tlog
c:\users\jess\desktop\tempc++\cmp5327-c-programming-for-games-assessment-jhuntsghub\roguelight\x64\release\roguelight.tlog\link.read.1.tlog
c:\users\jess\desktop\tempc++\cmp5327-c-programming-for-games-assessment-jhuntsghub\roguelight\x64\release\roguelight.tlog\link.write.1.tlog
c:\users\jess\desktop\tempc++\cmp5327-c-programming-for-games-assessment-jhuntsghub\roguelight\x64\release\roguelight.tlog\roguelight.write.1u.tlog
